<?xml version="1.0" encoding="UTF-8"?>
<!-- Generated by org.testng.reporters.JUnitReportReporter -->
<testsuite hostname="Mary-PC" name="testcase.TestNGSecCase" tests="1" failures="0" timestamp="11 Mar 2019 02:27:26 GMT" time="8.185" errors="0">
  <testcase name="logintest" time="8.185" classname="testcase.TestNGSecCase"/>
</testsuite> <!-- testcase.TestNGSecCase -->
