<?xml version="1.0" encoding="UTF-8"?>
<!-- Generated by org.testng.reporters.JUnitReportReporter -->
<testsuite hostname="Mary-PC" name="com.crm.qa.testcases.LoginPageTest" tests="1" failures="0" timestamp="28 Aug 2019 05:49:19 GMT" time="39.538" errors="0">
  <testcase name="validateLogintest" time="39.538" classname="com.crm.qa.testcases.LoginPageTest"/>
</testsuite> <!-- com.crm.qa.testcases.LoginPageTest -->
