<?xml version="1.0" encoding="UTF-8"?>
<!-- Generated by org.testng.reporters.JUnitReportReporter -->
<testsuite hostname="Mary-PC" name="com.crm.qa.testcases.HomePageTest" tests="3" failures="0" timestamp="21 Aug 2019 18:50:53 GMT" time="66.143" errors="0">
  <testcase name="verifyContactsLinkTest" time="26.882" classname="com.crm.qa.testcases.HomePageTest"/>
  <testcase name="verifyUserNameLable" time="20.578" classname="com.crm.qa.testcases.HomePageTest"/>
  <testcase name="verifyHomePageTitle" time="18.683" classname="com.crm.qa.testcases.HomePageTest"/>
</testsuite> <!-- com.crm.qa.testcases.HomePageTest -->
