<?xml version="1.0" encoding="UTF-8"?>
<!-- Generated by org.testng.reporters.JUnitReportReporter -->
<testsuite hostname="FSSMUMD841" name="cms.tcases.Services_tc" tests="7" failures="0" timestamp="11 Jun 2018 09:07:38 GMT" time="231.374" errors="0">
  <testcase name="ViewStatement" time="35.500" classname="cms.tcases.Services_tc"/>
  <testcase name="Login" time="23.271" classname="cms.tcases.Services_tc"/>
  <testcase name="ViewStatement" time="35.745" classname="cms.tcases.Services_tc"/>
  <testcase name="ViewStatement" time="35.749" classname="cms.tcases.Services_tc"/>
  <testcase name="Logout" time="4.649" classname="cms.tcases.Services_tc"/>
  <testcase name="VerifyStatement" time="60.898" classname="cms.tcases.Services_tc"/>
  <testcase name="ViewStatement" time="35.562" classname="cms.tcases.Services_tc"/>
</testsuite> <!-- cms.tcases.Services_tc -->
