<?xml version="1.0" encoding="UTF-8"?>
<!-- Generated by org.testng.reporters.JUnitReportReporter -->
<testsuite hostname="FSSMUMD841" name="cms.tcases.KitToKit_tc" tests="4" failures="0" timestamp="11 Jun 2018 09:07:38 GMT" time="118.653" errors="0">
  <testcase name="kittokit1" time="2.824" classname="cms.tcases.KitToKit_tc"/>
  <testcase name="callClose" time="5.376" classname="cms.tcases.KitToKit_tc"/>
  <testcase name="kittokitpage1" time="37.089" classname="cms.tcases.KitToKit_tc"/>
  <testcase name="kittokit2" time="73.364" classname="cms.tcases.KitToKit_tc"/>
</testsuite> <!-- cms.tcases.KitToKit_tc -->
