<?xml version="1.0" encoding="UTF-8"?>
<!-- Generated by org.testng.reporters.JUnitReportReporter -->
<testsuite hostname="FSSMUMD841" name="cms.tcases.Card_Status_tc" tests="5" failures="0" timestamp="11 Jun 2018 09:07:38 GMT" time="73.151" errors="0">
  <testcase name="activate" time="14.809" classname="cms.tcases.Card_Status_tc"/>
  <testcase name="callClose" time="5.625" classname="cms.tcases.Card_Status_tc"/>
  <testcase name="screenVerify" time="36.344" classname="cms.tcases.Card_Status_tc"/>
  <testcase name="card_Status_Change" time="8.175" classname="cms.tcases.Card_Status_tc"/>
  <testcase name="card_Status_Change1" time="8.198" classname="cms.tcases.Card_Status_tc"/>
</testsuite> <!-- cms.tcases.Card_Status_tc -->
