<?xml version="1.0" encoding="UTF-8"?>
<!-- Generated by org.testng.reporters.JUnitReportReporter -->
<testsuite hostname="FSSMUMD841" name="cms.tcases.CreateCall_tc" tests="3" failures="0" timestamp="11 Jun 2018 09:07:38 GMT" time="75.087" errors="0">
  <testcase name="createCallpage1" time="55.583" classname="cms.tcases.CreateCall_tc"/>
  <testcase name="createCall" time="9.243" classname="cms.tcases.CreateCall_tc"/>
  <testcase name="createCallpage2" time="10.261" classname="cms.tcases.CreateCall_tc"/>
</testsuite> <!-- cms.tcases.CreateCall_tc -->
