<?xml version="1.0" encoding="UTF-8"?>
<!-- Generated by org.testng.reporters.JUnitReportReporter -->
<testsuite hostname="FSSMUMD841" name="cms.tcases.Login_tc" tests="1" failures="0" timestamp="11 Jun 2018 09:07:38 GMT" time="44.102" errors="0">
  <testcase name="login" time="44.102" classname="cms.tcases.Login_tc"/>
</testsuite> <!-- cms.tcases.Login_tc -->
