<?xml version="1.0" encoding="UTF-8"?>
<!-- Generated by org.testng.reporters.JUnitReportReporter -->
<testsuite hostname="FSSMUMD841" name="cms.tcases.Limit_tc" tests="1" failures="0" timestamp="11 Jun 2018 09:07:38 GMT" time="51.497" errors="0">
  <testcase name="Limits" time="51.497" classname="cms.tcases.Limit_tc"/>
</testsuite> <!-- cms.tcases.Limit_tc -->
