<?xml version="1.0" encoding="UTF-8"?>
<!-- Generated by org.testng.reporters.JUnitReportReporter -->
<testsuite hostname="FSSMUMD841" name="cms.tcases.Comments_tc" tests="2" failures="0" timestamp="11 Jun 2018 09:07:38 GMT" time="49.000" errors="0">
  <testcase name="comments" time="39.951" classname="cms.tcases.Comments_tc"/>
  <testcase name="verifyLink" time="9.049" classname="cms.tcases.Comments_tc"/>
</testsuite> <!-- cms.tcases.Comments_tc -->
