<?xml version="1.0" encoding="UTF-8"?>
<!-- Generated by org.testng.reporters.JUnitReportReporter -->
<testsuite hostname="FSSMUMD841" name="cms.tcases.FeePlan_tc" tests="6" failures="0" timestamp="11 Jun 2018 09:07:38 GMT" time="58.724" errors="0">
  <testcase name="editfeeplan" time="5.240" classname="cms.tcases.FeePlan_tc"/>
  <testcase name="viewfeeplan" time="32.916" classname="cms.tcases.FeePlan_tc"/>
  <testcase name="editfeeplan" time="5.237" classname="cms.tcases.FeePlan_tc"/>
  <testcase name="editfeeplan" time="5.066" classname="cms.tcases.FeePlan_tc"/>
  <testcase name="editfeeplan" time="5.115" classname="cms.tcases.FeePlan_tc"/>
  <testcase name="callClose" time="5.150" classname="cms.tcases.FeePlan_tc"/>
</testsuite> <!-- cms.tcases.FeePlan_tc -->
