<?xml version="1.0" encoding="UTF-8"?>
<!-- Generated by org.testng.reporters.JUnitReportReporter -->
<testsuite hostname="FSSMUMD841" name="cms.tcases.RRNSearch_tc" tests="3" failures="0" timestamp="11 Jun 2018 09:07:38 GMT" time="74.955" errors="0">
  <testcase name="logout" time="2.006" classname="cms.tcases.RRNSearch_tc"/>
  <testcase name="rrnScreenVerify" time="30.450" classname="cms.tcases.RRNSearch_tc"/>
  <testcase name="rrnSearch" time="42.499" classname="cms.tcases.RRNSearch_tc"/>
</testsuite> <!-- cms.tcases.RRNSearch_tc -->
