<?xml version="1.0" encoding="UTF-8"?>
<!-- Generated by org.testng.reporters.JUnitReportReporter -->
<testsuite hostname="FSSMUMD841" name="cms.tcases.Group_tc" tests="8" failures="0" timestamp="11 Jun 2018 09:07:38 GMT" time="131.718" errors="0">
  <testcase name="viewNewGroup" time="13.353" classname="cms.tcases.Group_tc"/>
  <testcase name="group" time="21.765" classname="cms.tcases.Group_tc"/>
  <testcase name="searchNewGroup" time="7.108" classname="cms.tcases.Group_tc"/>
  <testcase name="verifyAlert" time="15.505" classname="cms.tcases.Group_tc"/>
  <testcase name="logout" time="2.060" classname="cms.tcases.Group_tc"/>
  <testcase name="group" time="21.847" classname="cms.tcases.Group_tc"/>
  <testcase name="searchNewGroup" time="7.048" classname="cms.tcases.Group_tc"/>
  <testcase name="viewGroup" time="43.032" classname="cms.tcases.Group_tc"/>
</testsuite> <!-- cms.tcases.Group_tc -->
