<?xml version="1.0" encoding="UTF-8"?>
<!-- Generated by org.testng.reporters.JUnitReportReporter -->
<testsuite hostname="FSSMUMD841" name="cms.tcases.Edit_Account_tc" tests="3" failures="0" timestamp="11 Jun 2018 09:07:38 GMT" time="120.614" errors="0">
  <testcase name="EditAccount" time="94.028" classname="cms.tcases.Edit_Account_tc"/>
  <testcase name="Logout" time="4.687" classname="cms.tcases.Edit_Account_tc"/>
  <testcase name="Login" time="21.899" classname="cms.tcases.Edit_Account_tc"/>
</testsuite> <!-- cms.tcases.Edit_Account_tc -->
