<?xml version="1.0" encoding="UTF-8"?>
<!-- Generated by org.testng.reporters.JUnitReportReporter -->
<testsuite hostname="FSSMUMD841" name="cms.tcases.MySetUp_tc" tests="4" failures="0" timestamp="11 Jun 2018 09:07:38 GMT" time="67.780" errors="0">
  <testcase name="MySetUp" time="12.045" classname="cms.tcases.MySetUp_tc"/>
  <testcase name="logout" time="1.883" classname="cms.tcases.MySetUp_tc"/>
  <testcase name="viewMySetUp" time="41.327" classname="cms.tcases.MySetUp_tc"/>
  <testcase name="MySetUp" time="12.525" classname="cms.tcases.MySetUp_tc"/>
</testsuite> <!-- cms.tcases.MySetUp_tc -->
