<?xml version="1.0" encoding="UTF-8"?>
<!-- Generated by org.testng.reporters.JUnitReportReporter -->
<testsuite hostname="Mary-PC" name="datadriventest.DataProviderAnnoTest" tests="4" failures="0" timestamp="16 Aug 2019 05:11:53 GMT" time="63.132" errors="0">
  <testcase name="registerPage" time="22.274" classname="datadriventest.DataProviderAnnoTest"/>
  <testcase name="registerPage" time="9.286" classname="datadriventest.DataProviderAnnoTest"/>
  <testcase name="registerPage" time="16.273" classname="datadriventest.DataProviderAnnoTest"/>
  <testcase name="registerPage" time="15.299" classname="datadriventest.DataProviderAnnoTest"/>
</testsuite> <!-- datadriventest.DataProviderAnnoTest -->
