<?xml version="1.0" encoding="UTF-8"?>
<!-- Generated by org.testng.reporters.JUnitReportReporter -->
<testsuite hostname="Mary-PC" name="com.testng.TimeOutsException" tests="1" failures="0" timestamp="6 Aug 2019 05:15:29 GMT" time="0.001" errors="0">
  <testcase name="Convert" time="0.001" classname="com.testng.TimeOutsException"/>
</testsuite> <!-- com.testng.TimeOutsException -->
