<?xml version="1.0" encoding="UTF-8"?>
<!-- Generated by org.testng.reporters.JUnitReportReporter -->
<testsuite hostname="Mary-PC" name="com.testng.InvocationCount" tests="10" failures="0" timestamp="6 Aug 2019 05:15:29 GMT" time="0.004" errors="0">
  <testcase name="IncocationTest" time="0.001" classname="com.testng.InvocationCount"/>
  <testcase name="IncocationTest" time="0.000" classname="com.testng.InvocationCount"/>
  <testcase name="IncocationTest" time="0.001" classname="com.testng.InvocationCount"/>
  <testcase name="IncocationTest" time="0.000" classname="com.testng.InvocationCount"/>
  <testcase name="IncocationTest" time="0.001" classname="com.testng.InvocationCount"/>
  <testcase name="IncocationTest" time="0.000" classname="com.testng.InvocationCount"/>
  <testcase name="IncocationTest" time="0.001" classname="com.testng.InvocationCount"/>
  <testcase name="IncocationTest" time="0.000" classname="com.testng.InvocationCount"/>
  <testcase name="IncocationTest" time="0.000" classname="com.testng.InvocationCount"/>
  <testcase name="IncocationTest" time="0.000" classname="com.testng.InvocationCount"/>
</testsuite> <!-- com.testng.InvocationCount -->
