<?xml version="1.0" encoding="UTF-8"?>
<!-- Generated by org.testng.reporters.JUnitReportReporter -->
<testsuite hostname="Mary-PC" name="com.testng.TestNgBasics" tests="3" failures="0" timestamp="6 Aug 2019 05:15:29 GMT" time="0.011" errors="0">
  <testcase name="searchTest" time="0.002" classname="com.testng.TestNgBasics"/>
  <testcase name="selectProduct" time="0.001" classname="com.testng.TestNgBasics"/>
  <testcase name="googleTitleTest" time="0.008" classname="com.testng.TestNgBasics"/>
</testsuite> <!-- com.testng.TestNgBasics -->
