<?xml version="1.0" encoding="UTF-8"?>
<!-- Generated by org.testng.reporters.JUnitReportReporter -->
<testsuite hostname="Mary-PC" name="com.testng.DependsOnMethodTest" tests="15" failures="0" timestamp="6 Aug 2019 05:15:29 GMT" time="0.016" errors="0">
  <testcase name="Login" time="0.001" classname="com.testng.DependsOnMethodTest"/>
  <testcase name="Run" time="0.001" classname="com.testng.DependsOnMethodTest"/>
  <testcase name="Run" time="0.001" classname="com.testng.DependsOnMethodTest"/>
  <testcase name="Run" time="0.000" classname="com.testng.DependsOnMethodTest"/>
  <testcase name="Run" time="0.001" classname="com.testng.DependsOnMethodTest"/>
  <testcase name="Profile" time="0.001" classname="com.testng.DependsOnMethodTest"/>
  <testcase name="Run" time="0.000" classname="com.testng.DependsOnMethodTest"/>
  <testcase name="Run" time="0.000" classname="com.testng.DependsOnMethodTest"/>
  <testcase name="Run" time="0.001" classname="com.testng.DependsOnMethodTest"/>
  <testcase name="Run" time="0.000" classname="com.testng.DependsOnMethodTest"/>
  <testcase name="Product" time="0.001" classname="com.testng.DependsOnMethodTest"/>
  <testcase name="Run" time="0.001" classname="com.testng.DependsOnMethodTest"/>
  <testcase name="Search" time="0.006" classname="com.testng.DependsOnMethodTest"/>
  <testcase name="Run" time="0.001" classname="com.testng.DependsOnMethodTest"/>
  <testcase name="AddToCart" time="0.001" classname="com.testng.DependsOnMethodTest"/>
</testsuite> <!-- com.testng.DependsOnMethodTest -->
